-------------------------------------------------------------------------------
Test set: com.stackroute.restaurant.repositories.RestaurantRepositoryTest
-------------------------------------------------------------------------------
Tests run: 1, Failures: 0, Errors: 1, Skipped: 0, Time elapsed: 0 s <<< FAILURE! - in com.stackroute.restaurant.repositories.RestaurantRepositoryTest
initializationError(com.stackroute.restaurant.repositories.RestaurantRepositoryTest)  Time elapsed: 0 s  <<< ERROR!
java.lang.NoClassDefFoundError: Could not initialize class org.springframework.test.context.junit4.SpringRunner

