<?xml version="1.0" encoding="UTF-8"?>
<testsuite xmlns:xsi="http://www.w3.org/2001/XMLSchema-instance" xsi:noNamespaceSchemaLocation="https://maven.apache.org/surefire/maven-surefire-plugin/xsd/surefire-test-report.xsd" name="com.stackroute.restaurant.ApplicationTest" time="0.011" tests="13" errors="0" skipped="0" failures="13">
  <properties>
[...]
</properties>
  <testcase name="testNotifyAll" classname="com.stackroute.restaurant.ApplicationTest" time="0.001">
    <failure message="Not yet implemented" type="java.lang.AssertionError">java.lang.AssertionError: Not yet implemented
	at com.stackroute.restaurant.ApplicationTest.testNotifyAll(ApplicationTest.java:51)
</failure>
  </testcase>
  <testcase name="testGetClass" classname="com.stackroute.restaurant.ApplicationTest" time="0">
    <failure message="Not yet implemented" type="java.lang.AssertionError">java.lang.AssertionError: Not yet implemented
	at com.stackroute.restaurant.ApplicationTest.testGetClass(ApplicationTest.java:21)
</failure>
  </testcase>
  <testcase name="testClone" classname="com.stackroute.restaurant.ApplicationTest" time="0.001">
    <failure message="Not yet implemented" type="java.lang.AssertionError">java.lang.AssertionError: Not yet implemented
	at com.stackroute.restaurant.ApplicationTest.testClone(ApplicationTest.java:36)
</failure>
  </testcase>
  <testcase name="testMain" classname="com.stackroute.restaurant.ApplicationTest" time="0">
    <failure message="Not yet implemented" type="java.lang.AssertionError">java.lang.AssertionError: Not yet implemented
	at com.stackroute.restaurant.ApplicationTest.testMain(ApplicationTest.java:11)
</failure>
  </testcase>
  <testcase name="testWait" classname="com.stackroute.restaurant.ApplicationTest" time="0.001">
    <failure message="Not yet implemented" type="java.lang.AssertionError">java.lang.AssertionError: Not yet implemented
	at com.stackroute.restaurant.ApplicationTest.testWait(ApplicationTest.java:66)
</failure>
  </testcase>
  <testcase name="testToString" classname="com.stackroute.restaurant.ApplicationTest" time="0">
    <failure message="Not yet implemented" type="java.lang.AssertionError">java.lang.AssertionError: Not yet implemented
	at com.stackroute.restaurant.ApplicationTest.testToString(ApplicationTest.java:41)
</failure>
  </testcase>
  <testcase name="testWaitLongInt" classname="com.stackroute.restaurant.ApplicationTest" time="0.001">
    <failure message="Not yet implemented" type="java.lang.AssertionError">java.lang.AssertionError: Not yet implemented
	at com.stackroute.restaurant.ApplicationTest.testWaitLongInt(ApplicationTest.java:61)
</failure>
  </testcase>
  <testcase name="testFinalize" classname="com.stackroute.restaurant.ApplicationTest" time="0">
    <failure message="Not yet implemented" type="java.lang.AssertionError">java.lang.AssertionError: Not yet implemented
	at com.stackroute.restaurant.ApplicationTest.testFinalize(ApplicationTest.java:71)
</failure>
  </testcase>
  <testcase name="testHashCode" classname="com.stackroute.restaurant.ApplicationTest" time="0.001">
    <failure message="Not yet implemented" type="java.lang.AssertionError">java.lang.AssertionError: Not yet implemented
	at com.stackroute.restaurant.ApplicationTest.testHashCode(ApplicationTest.java:26)
</failure>
  </testcase>
  <testcase name="testWaitLong" classname="com.stackroute.restaurant.ApplicationTest" time="0">
    <failure message="Not yet implemented" type="java.lang.AssertionError">java.lang.AssertionError: Not yet implemented
	at com.stackroute.restaurant.ApplicationTest.testWaitLong(ApplicationTest.java:56)
</failure>
  </testcase>
  <testcase name="testEquals" classname="com.stackroute.restaurant.ApplicationTest" time="0.001">
    <failure message="Not yet implemented" type="java.lang.AssertionError">java.lang.AssertionError: Not yet implemented
	at com.stackroute.restaurant.ApplicationTest.testEquals(ApplicationTest.java:31)
</failure>
  </testcase>
  <testcase name="testNotify" classname="com.stackroute.restaurant.ApplicationTest" time="0">
    <failure message="Not yet implemented" type="java.lang.AssertionError">java.lang.AssertionError: Not yet implemented
	at com.stackroute.restaurant.ApplicationTest.testNotify(ApplicationTest.java:46)
</failure>
  </testcase>
  <testcase name="testObject" classname="com.stackroute.restaurant.ApplicationTest" time="0">
    <failure message="Not yet implemented" type="java.lang.AssertionError">java.lang.AssertionError: Not yet implemented
	at com.stackroute.restaurant.ApplicationTest.testObject(ApplicationTest.java:16)
</failure>
  </testcase>
</testsuite>